Determining if the pthread_create exist failed with the following output:
Change Dir: /home/nvidia/rigguv2/catkin_ws/build/CMakeFiles/CMakeTmp

Run Build Command:"/usr/bin/make" "cmTC_0f5b6/fast"
/usr/bin/make -f CMakeFiles/cmTC_0f5b6.dir/build.make CMakeFiles/cmTC_0f5b6.dir/build
make[1]: Entering directory '/home/nvidia/rigguv2/catkin_ws/build/CMakeFiles/CMakeTmp'
Building C object CMakeFiles/cmTC_0f5b6.dir/CheckSymbolExists.c.o
/usr/bin/cc    -o CMakeFiles/cmTC_0f5b6.dir/CheckSymbolExists.c.o   -c /home/nvidia/rigguv2/catkin_ws/build/CMakeFiles/CMakeTmp/CheckSymbolExists.c
Linking C executable cmTC_0f5b6
/usr/local/bin/cmake -E cmake_link_script CMakeFiles/cmTC_0f5b6.dir/link.txt --verbose=1
/usr/bin/cc      -rdynamic CMakeFiles/cmTC_0f5b6.dir/CheckSymbolExists.c.o  -o cmTC_0f5b6 
CMakeFiles/cmTC_0f5b6.dir/CheckSymbolExists.c.o: In function `main':
CheckSymbolExists.c:(.text+0x14): undefined reference to `pthread_create'
CheckSymbolExists.c:(.text+0x18): undefined reference to `pthread_create'
collect2: error: ld returned 1 exit status
CMakeFiles/cmTC_0f5b6.dir/build.make:86: recipe for target 'cmTC_0f5b6' failed
make[1]: *** [cmTC_0f5b6] Error 1
make[1]: Leaving directory '/home/nvidia/rigguv2/catkin_ws/build/CMakeFiles/CMakeTmp'
Makefile:121: recipe for target 'cmTC_0f5b6/fast' failed
make: *** [cmTC_0f5b6/fast] Error 2

File /home/nvidia/rigguv2/catkin_ws/build/CMakeFiles/CMakeTmp/CheckSymbolExists.c:
/* */
#include <pthread.h>

int main(int argc, char** argv)
{
  (void)argv;
#ifndef pthread_create
  return ((int*)(&pthread_create))[argc];
#else
  (void)argc;
  return 0;
#endif
}

Determining if the function pthread_create exists in the pthreads failed with the following output:
Change Dir: /home/nvidia/rigguv2/catkin_ws/build/CMakeFiles/CMakeTmp

Run Build Command:"/usr/bin/make" "cmTC_9582f/fast"
/usr/bin/make -f CMakeFiles/cmTC_9582f.dir/build.make CMakeFiles/cmTC_9582f.dir/build
make[1]: Entering directory '/home/nvidia/rigguv2/catkin_ws/build/CMakeFiles/CMakeTmp'
Building C object CMakeFiles/cmTC_9582f.dir/CheckFunctionExists.c.o
/usr/bin/cc   -DCHECK_FUNCTION_EXISTS=pthread_create   -o CMakeFiles/cmTC_9582f.dir/CheckFunctionExists.c.o   -c /usr/local/share/cmake-3.13/Modules/CheckFunctionExists.c
Linking C executable cmTC_9582f
/usr/local/bin/cmake -E cmake_link_script CMakeFiles/cmTC_9582f.dir/link.txt --verbose=1
/usr/bin/cc  -DCHECK_FUNCTION_EXISTS=pthread_create    -rdynamic CMakeFiles/cmTC_9582f.dir/CheckFunctionExists.c.o  -o cmTC_9582f -lpthreads 
/usr/bin/ld: cannot find -lpthreads
collect2: error: ld returned 1 exit status
CMakeFiles/cmTC_9582f.dir/build.make:86: recipe for target 'cmTC_9582f' failed
make[1]: *** [cmTC_9582f] Error 1
make[1]: Leaving directory '/home/nvidia/rigguv2/catkin_ws/build/CMakeFiles/CMakeTmp'
Makefile:121: recipe for target 'cmTC_9582f/fast' failed
make: *** [cmTC_9582f/fast] Error 2


